2026-04-01 19:35:19 | INFO     | PID:4932 | __main__:main:65 - 【System】Project path set to D:\Research\OpenStory\examples\deduction.
2026-04-01 19:35:19 | INFO     | PID:4932 | __main__:main:71 - 【System】Loaded 50 locations from map.
2026-04-01 19:35:19 | INFO     | PID:4932 | __main__:main:103 - 【System】Init Ray with runtime env: {'working_dir': 'D:\\Research\\OpenStory\\examples\\deduction', 'env_vars': {'MAS_EVENT_LOG_DIR': 'D:\\Research\\OpenStory\\examples\\deduction', 'PYTHONPATH': 'D:\\Research\\OpenStory;D:\\Research\\OpenStory\\packages\\agentkernel-distributed;D:\\Research\\OpenStory\\packages\\agentkernel-standalone'}, 'excludes': ['*.pyc', '__pycache__', 'docs', 'info_extraction']}.
2026-04-01 19:35:31 | INFO     | PID:4932 | __main__:main:107 - 【System】Ray is initialized.
2026-04-01 19:35:31 | INFO     | PID:4932 | __main__:main:110 - 【System】Initialize the builder...
2026-04-01 19:35:31 | INFO     | PID:4932 | __main__:main:117 - 【System】Start all the simulation components...
2026-04-01 19:35:32 | ERROR    | PID:4932 | __main__:main:235 - 【System】Failed to run the simulation: Failed to set up runtime environment.
Could not create the actor because its associated runtime env failed to be created.
Traceback (most recent call last):
  File "C:\Users\LX\miniconda3\envs\agent-kernel-311\Lib\site-packages\ray\_private\runtime_env\agent\runtime_env_agent.py", line 391, in _create_runtime_env_with_retry
    runtime_env_context = await asyncio.wait_for(
                          ^^^^^^^^^^^^^^^^^^^^^^^
  File "C:\Users\LX\miniconda3\envs\agent-kernel-311\Lib\asyncio\tasks.py", line 489, in wait_for
    return fut.result()
           ^^^^^^^^^^^^
  File "C:\Users\LX\miniconda3\envs\agent-kernel-311\Lib\site-packages\ray\_private\runtime_env\agent\runtime_env_agent.py", line 331, in _setup_runtime_env
    await create_for_plugin_if_needed(
  File "C:\Users\LX\miniconda3\envs\agent-kernel-311\Lib\site-packages\ray\_private\runtime_env\plugin.py", line 255, in create_for_plugin_if_needed
    size_bytes = await plugin.create(uri, runtime_env, context, logger=logger)
                 ^^^^^^^^^^^^^^^^^^^^^^^^^^^^^^^^^^^^^^^^^^^^^^^^^^^^^^^^^^^^^
  File "C:\Users\LX\miniconda3\envs\agent-kernel-311\Lib\site-packages\ray\_private\runtime_env\working_dir.py", line 163, in create
    local_dir = await download_and_unpack_package(
                ^^^^^^^^^^^^^^^^^^^^^^^^^^^^^^^^^^
  File "C:\Users\LX\miniconda3\envs\agent-kernel-311\Lib\site-packages\ray\_private\runtime_env\packaging.py", line 760, in download_and_unpack_package
    unzip_package(
  File "C:\Users\LX\miniconda3\envs\agent-kernel-311\Lib\site-packages\ray\_private\runtime_env\packaging.py", line 899, in unzip_package
    zip_ref.extractall(target_dir)
  File "C:\Users\LX\miniconda3\envs\agent-kernel-311\Lib\zipfile.py", line 1715, in extractall
    self._extract_member(zipinfo, path, pwd)
  File "C:\Users\LX\miniconda3\envs\agent-kernel-311\Lib\zipfile.py", line 1761, in _extract_member
    os.makedirs(upperdirs)
  File "<frozen os>", line 215, in makedirs
  File "<frozen os>", line 225, in makedirs
FileNotFoundError: [WinError 206] 文件名或扩展名太长。: 'C:\\Users\\LX\\AppData\\Local\\Temp\\ray\\session_2026-04-01_19-35-20_018904_4932\\runtime_resources\\working_dir_files\\_ray_pkg_e88c2e48c90914af\\map\\Tiles\\02 Grassland Top Down Tileset Pixel Art草原俯视像素艺术瓦片集\\craftpix-net-918283-grassland-top-down-tileset-pixel-art'
.
2026-04-01 19:35:33 | INFO     | PID:4932 | __main__:<module>:257 - 【System】Simulation ended.
2026-04-01 19:48:01 | INFO     | PID:5980 | __main__:main:65 - 【System】Project path set to D:\Research\OpenStory\examples\deduction.
2026-04-01 19:48:01 | INFO     | PID:5980 | __main__:main:71 - 【System】Loaded 50 locations from map.
2026-04-01 19:48:01 | INFO     | PID:5980 | __main__:main:103 - 【System】Init Ray with runtime env: {'working_dir': 'D:\\Research\\OpenStory\\examples\\deduction', 'env_vars': {'MAS_EVENT_LOG_DIR': 'D:\\Research\\OpenStory\\examples\\deduction', 'PYTHONPATH': 'D:\\Research\\OpenStory;D:\\Research\\OpenStory\\packages\\agentkernel-distributed;D:\\Research\\OpenStory\\packages\\agentkernel-standalone'}, 'excludes': ['*.pyc', '__pycache__', 'docs', 'info_extraction']}.
2026-04-01 19:48:07 | INFO     | PID:5980 | __main__:main:107 - 【System】Ray is initialized.
2026-04-01 19:48:07 | INFO     | PID:5980 | __main__:main:110 - 【System】Initialize the builder...
2026-04-01 19:48:07 | INFO     | PID:5980 | __main__:main:117 - 【System】Start all the simulation components...
2026-04-01 19:48:20 | ERROR    | PID:5980 | __main__:main:235 - 【System】Failed to run the simulation: [36mray::BasicPodManager.init()[39m (pid=35540, ip=127.0.0.1, actor_id=84c0b5102d765b41c86884e801000000, repr=<examples.deduction.BasicPodManager.BasicPodManager object at 0x0000011896556D10>)
  File "python\\ray\\_raylet.pyx", line 1936, in ray._raylet.execute_task
  File "python\\ray\\_raylet.pyx", line 1870, in ray._raylet.execute_task.function_executor
  File "python\\ray\\_raylet.pyx", line 4620, in ray._raylet.CoreWorker.run_async_func_or_coro_in_event_loop
  File "C:\Users\LX\miniconda3\envs\agent-kernel-311\Lib\concurrent\futures\_base.py", line 449, in result
    return self.__get_result()
           ^^^^^^^^^^^^^^^^^^^
  File "C:\Users\LX\miniconda3\envs\agent-kernel-311\Lib\concurrent\futures\_base.py", line 401, in __get_result
    raise self._exception
  File "python\\ray\\_raylet.pyx", line 4607, in async_func
  File "C:\Users\LX\miniconda3\envs\agent-kernel-311\Lib\site-packages\ray\util\tracing\tracing_helper.py", line 493, in _resume_span
    return await method(self, *_args, **_kwargs)
           ^^^^^^^^^^^^^^^^^^^^^^^^^^^^^^^^^^^^^
  File "D:\Research\OpenStory\packages\agentkernel-distributed\agentkernel_distributed\mas\pod\pod_manager.py", line 147, in init
    await asyncio.gather(
  File "C:\Users\LX\miniconda3\envs\agent-kernel-311\Lib\asyncio\tasks.py", line 694, in _wrap_awaitable
    return (yield from awaitable.__await__())
            ^^^^^^^^^^^^^^^^^^^^^^^^^^^^^^^^
ray.exceptions.RayTaskError(ValueError): [36mray::MasPod.init()[39m (pid=35688, ip=127.0.0.1, actor_id=35d36456286e900f7c9618f201000000, repr=<agentkernel_distributed.mas.pod.mas_pod.MasPod object at 0x0000022802858810>)
  File "python\\ray\\_raylet.pyx", line 1936, in ray._raylet.execute_task
  File "python\\ray\\_raylet.pyx", line 1870, in ray._raylet.execute_task.function_executor
  File "python\\ray\\_raylet.pyx", line 4620, in ray._raylet.CoreWorker.run_async_func_or_coro_in_event_loop
  File "C:\Users\LX\miniconda3\envs\agent-kernel-311\Lib\concurrent\futures\_base.py", line 449, in result
    return self.__get_result()
           ^^^^^^^^^^^^^^^^^^^
  File "C:\Users\LX\miniconda3\envs\agent-kernel-311\Lib\concurrent\futures\_base.py", line 401, in __get_result
    raise self._exception
  File "python\\ray\\_raylet.pyx", line 4607, in async_func
  File "C:\Users\LX\miniconda3\envs\agent-kernel-311\Lib\site-packages\ray\util\tracing\tracing_helper.py", line 493, in _resume_span
    return await method(self, *_args, **_kwargs)
           ^^^^^^^^^^^^^^^^^^^^^^^^^^^^^^^^^^^^^
  File "D:\Research\OpenStory\packages\agentkernel-distributed\agentkernel_distributed\mas\pod\mas_pod.py", line 89, in init
    await self._init_agent_manager()
  File "C:\Users\LX\miniconda3\envs\agent-kernel-311\Lib\site-packages\ray\util\tracing\tracing_helper.py", line 493, in _resume_span
    return await method(self, *_args, **_kwargs)
           ^^^^^^^^^^^^^^^^^^^^^^^^^^^^^^^^^^^^^
  File "D:\Research\OpenStory\packages\agentkernel-distributed\agentkernel_distributed\mas\pod\mas_pod.py", line 240, in _init_agent_manager
    await self._agent_manager.init()
  File "D:\Research\OpenStory\packages\agentkernel-distributed\agentkernel_distributed\mas\agent\agent_manager.py", line 64, in init
    await asyncio.gather(*init_tasks)
  File "D:\Research\OpenStory\packages\agentkernel-distributed\agentkernel_distributed\mas\agent\agent.py", line 102, in init
    await asyncio.gather(*init_tasks)
  File "D:\Research\OpenStory\packages\agentkernel-distributed\agentkernel_distributed\mas\agent\base\component_base.py", line 79, in init
    raise ValueError(f"Adapter '{adapter_name}' not found in resource_maps for plugin '{plugin_name}'.")
ValueError: Adapter 'RedisKVAdapter' not found in resource_maps for plugin 'BasicProfilePlugin'..
2026-04-01 19:48:21 | INFO     | PID:5980 | __main__:<module>:257 - 【System】Simulation ended.
2026-04-01 19:58:10 | INFO     | PID:27900 | __main__:main:65 - 【System】Project path set to D:\Research\OpenStory\examples\deduction.
2026-04-01 19:58:10 | INFO     | PID:27900 | __main__:main:71 - 【System】Loaded 50 locations from map.
2026-04-01 19:58:10 | INFO     | PID:27900 | __main__:main:103 - 【System】Init Ray with runtime env: {'working_dir': 'D:\\Research\\OpenStory\\examples\\deduction', 'env_vars': {'MAS_EVENT_LOG_DIR': 'D:\\Research\\OpenStory\\examples\\deduction', 'PYTHONPATH': 'D:\\Research\\OpenStory;D:\\Research\\OpenStory\\packages\\agentkernel-distributed;D:\\Research\\OpenStory\\packages\\agentkernel-standalone'}, 'excludes': ['*.pyc', '__pycache__', 'docs', 'info_extraction']}.
2026-04-01 19:58:16 | INFO     | PID:27900 | __main__:main:107 - 【System】Ray is initialized.
2026-04-01 19:58:16 | INFO     | PID:27900 | __main__:main:110 - 【System】Initialize the builder...
2026-04-01 19:58:16 | INFO     | PID:27900 | __main__:main:117 - 【System】Start all the simulation components...
2026-04-01 19:58:24 | INFO     | PID:27900 | __main__:main:153 - 【System】API Server started at http://0.0.0.0:8000
2026-04-01 19:58:24 | INFO     | PID:27900 | __main__:main:161 - 【System】Waiting for frontend signal to start Tick 0...
2026-04-01 20:02:06 | INFO     | PID:10792 | __main__:main:65 - 【System】Project path set to D:\Research\OpenStory\examples\deduction.
2026-04-01 20:02:06 | INFO     | PID:10792 | __main__:main:71 - 【System】Loaded 50 locations from map.
2026-04-01 20:02:06 | INFO     | PID:10792 | __main__:main:103 - 【System】Init Ray with runtime env: {'working_dir': 'D:\\Research\\OpenStory\\examples\\deduction', 'env_vars': {'MAS_EVENT_LOG_DIR': 'D:\\Research\\OpenStory\\examples\\deduction', 'PYTHONPATH': 'D:\\Research\\OpenStory;D:\\Research\\OpenStory\\packages\\agentkernel-distributed;D:\\Research\\OpenStory\\packages\\agentkernel-standalone'}, 'excludes': ['*.pyc', '__pycache__', 'docs', 'info_extraction']}.
2026-04-01 20:02:12 | INFO     | PID:10792 | __main__:main:107 - 【System】Ray is initialized.
2026-04-01 20:02:12 | INFO     | PID:10792 | __main__:main:110 - 【System】Initialize the builder...
2026-04-01 20:02:12 | INFO     | PID:10792 | __main__:main:117 - 【System】Start all the simulation components...
2026-04-01 20:02:20 | INFO     | PID:10792 | __main__:main:153 - 【System】API Server started at http://0.0.0.0:8000
2026-04-01 20:02:20 | INFO     | PID:10792 | __main__:main:161 - 【System】Waiting for frontend signal to start Tick 0...
2026-04-01 20:15:23 | INFO     | PID:10792 | __main__:main:244 - 【System】Pod Manager close result is True
2026-04-01 20:15:23 | INFO     | PID:10792 | __main__:main:247 - 【System】System close result is True
2026-04-01 20:15:24 | INFO     | PID:10792 | __main__:<module>:255 - 【System】Simulation interrupted by user. Exiting.
2026-04-01 20:15:24 | INFO     | PID:10792 | __main__:<module>:257 - 【System】Simulation ended.
2026-04-01 22:25:27 | INFO     | PID:35972 | __main__:main:65 - 【System】Project path set to D:\Research\OpenStory\examples\deduction.
2026-04-01 22:25:27 | INFO     | PID:35972 | __main__:main:71 - 【System】Loaded 50 locations from map.
2026-04-01 22:25:27 | INFO     | PID:35972 | __main__:main:103 - 【System】Init Ray with runtime env: {'working_dir': 'D:\\Research\\OpenStory\\examples\\deduction', 'env_vars': {'MAS_EVENT_LOG_DIR': 'D:\\Research\\OpenStory\\examples\\deduction', 'PYTHONPATH': 'D:\\Research\\OpenStory;D:\\Research\\OpenStory\\packages\\agentkernel-distributed;D:\\Research\\OpenStory\\packages\\agentkernel-standalone'}, 'excludes': ['*.pyc', '__pycache__', 'docs', 'info_extraction']}.
2026-04-01 22:25:42 | INFO     | PID:35972 | __main__:main:107 - 【System】Ray is initialized.
2026-04-01 22:25:42 | INFO     | PID:35972 | __main__:main:110 - 【System】Initialize the builder...
2026-04-01 22:25:42 | INFO     | PID:35972 | __main__:main:117 - 【System】Start all the simulation components...
2026-04-01 22:25:55 | INFO     | PID:35972 | __main__:main:153 - 【System】API Server started at http://0.0.0.0:8000
2026-04-01 22:25:55 | INFO     | PID:35972 | __main__:main:161 - 【System】Waiting for frontend signal to start Tick 0...
2026-04-01 22:35:42 | INFO     | PID:35972 | __main__:<module>:257 - 【System】Simulation ended.
2026-04-01 22:46:31 | INFO     | PID:33544 | __main__:main:65 - 【System】Project path set to D:\Research\OpenStory\examples\deduction.
2026-04-01 22:46:31 | INFO     | PID:33544 | __main__:main:71 - 【System】Loaded 50 locations from map.
2026-04-01 22:46:31 | INFO     | PID:33544 | __main__:main:103 - 【System】Init Ray with runtime env: {'working_dir': 'D:\\Research\\OpenStory\\examples\\deduction', 'env_vars': {'MAS_EVENT_LOG_DIR': 'D:\\Research\\OpenStory\\examples\\deduction', 'PYTHONPATH': 'D:\\Research\\OpenStory;D:\\Research\\OpenStory\\packages\\agentkernel-distributed;D:\\Research\\OpenStory\\packages\\agentkernel-standalone'}, 'excludes': ['*.pyc', '__pycache__', 'docs', 'info_extraction']}.
2026-04-01 22:46:41 | INFO     | PID:33544 | __main__:main:107 - 【System】Ray is initialized.
2026-04-01 22:46:41 | INFO     | PID:33544 | __main__:main:110 - 【System】Initialize the builder...
2026-04-01 22:46:41 | INFO     | PID:33544 | __main__:main:117 - 【System】Start all the simulation components...
2026-04-01 22:46:59 | INFO     | PID:33544 | __main__:main:153 - 【System】API Server started at http://0.0.0.0:8000
2026-04-01 22:46:59 | INFO     | PID:33544 | __main__:main:161 - 【System】Waiting for frontend signal to start Tick 0...
2026-04-01 22:47:45 | INFO     | PID:41568 | examples.deduction.BasicController:update_agents_status:27 - Updating agent status...
2026-04-01 22:47:45 | INFO     | PID:45608 | examples.deduction.BasicController:update_agents_status:27 - Updating agent status...
2026-04-01 22:47:45 | INFO     | PID:46432 | examples.deduction.BasicController:update_agents_status:27 - Updating agent status...
2026-04-01 22:47:45 | INFO     | PID:46880 | examples.deduction.BasicController:update_agents_status:27 - Updating agent status...
2026-04-01 22:47:45 | INFO     | PID:42700 | examples.deduction.BasicPodManager:update_agents_status:216 - Update agent status completed across all pods.
2026-04-01 22:47:45 | INFO     | PID:33544 | __main__:main:194 - 【Performance】--- Tick 0 Performance Report ---
2026-04-01 22:47:45 | INFO     | PID:33544 | __main__:main:195 - 【Performance】Total Tick Latency: 16.1511s
2026-04-01 22:47:45 | INFO     | PID:33544 | __main__:main:196 - 【Performance】 - Agent Step Latency (Concurrency Execution): 16.1379s (99.9%)
2026-04-01 22:47:45 | INFO     | PID:33544 | __main__:main:197 - 【Performance】 - Message Dispatch Latency: 0.0031s (0.0%)
2026-04-01 22:47:45 | INFO     | PID:33544 | __main__:main:198 - 【Performance】 - Status Update Latency: 0.0100s (0.1%)
2026-04-01 22:47:45 | INFO     | PID:33544 | __main__:main:199 - 【System】--- Tick 0 finished in 16.1511 seconds ---
2026-04-01 22:47:45 | INFO     | PID:33544 | __main__:main:203 - 【System】Collecting agents data for Tick 0...
2026-04-01 22:47:46 | INFO     | PID:33544 | __main__:main:208 - 【System】Broadcasting data for Tick 0 (agents count: 27)...
2026-04-01 22:47:46 | INFO     | PID:33544 | __main__:main:213 - 【Performance】 - Data Collection Latency: 0.1592s
2026-04-01 22:47:46 | INFO     | PID:33544 | __main__:main:214 - 【Performance】 - WS Broadcast Latency: 0.0050s
2026-04-01 22:47:46 | INFO     | PID:33544 | __main__:main:215 - 【Performance】-----------------------------------------
2026-04-01 22:47:46 | INFO     | PID:33544 | __main__:main:216 - 【System】Tick 0 data broadcasted to frontend.
2026-04-01 22:47:46 | INFO     | PID:33544 | __main__:main:161 - 【System】Waiting for frontend signal to start Tick 1...
2026-04-01 22:51:32 | INFO     | PID:46880 | examples.deduction.BasicController:update_agents_status:27 - Updating agent status...
2026-04-01 22:51:32 | INFO     | PID:45608 | examples.deduction.BasicController:update_agents_status:27 - Updating agent status...
2026-04-01 22:51:32 | INFO     | PID:46432 | examples.deduction.BasicController:update_agents_status:27 - Updating agent status...
2026-04-01 22:51:32 | INFO     | PID:42664 | examples.deduction.BasicController:update_agents_status:27 - Updating agent status...
2026-04-01 22:51:32 | INFO     | PID:41568 | examples.deduction.BasicController:update_agents_status:27 - Updating agent status...
2026-04-01 22:51:32 | INFO     | PID:46384 | examples.deduction.BasicController:update_agents_status:27 - Updating agent status...
2026-04-01 22:51:32 | INFO     | PID:42700 | examples.deduction.BasicPodManager:update_agents_status:216 - Update agent status completed across all pods.
2026-04-01 22:51:32 | INFO     | PID:33544 | __main__:main:194 - 【Performance】--- Tick 1 Performance Report ---
2026-04-01 22:51:32 | INFO     | PID:33544 | __main__:main:195 - 【Performance】Total Tick Latency: 6.1362s
2026-04-01 22:51:32 | INFO     | PID:33544 | __main__:main:196 - 【Performance】 - Agent Step Latency (Concurrency Execution): 6.1158s (99.7%)
2026-04-01 22:51:32 | INFO     | PID:33544 | __main__:main:197 - 【Performance】 - Message Dispatch Latency: 0.0038s (0.1%)
2026-04-01 22:51:32 | INFO     | PID:33544 | __main__:main:198 - 【Performance】 - Status Update Latency: 0.0166s (0.3%)
2026-04-01 22:51:32 | INFO     | PID:33544 | __main__:main:199 - 【System】--- Tick 1 finished in 6.1362 seconds ---
2026-04-01 22:51:32 | INFO     | PID:33544 | __main__:main:203 - 【System】Collecting agents data for Tick 1...
2026-04-01 22:51:32 | INFO     | PID:33544 | __main__:main:208 - 【System】Broadcasting data for Tick 1 (agents count: 27)...
2026-04-01 22:51:32 | INFO     | PID:33544 | __main__:main:213 - 【Performance】 - Data Collection Latency: 0.2380s
2026-04-01 22:51:32 | INFO     | PID:33544 | __main__:main:214 - 【Performance】 - WS Broadcast Latency: 0.0000s
2026-04-01 22:51:32 | INFO     | PID:33544 | __main__:main:215 - 【Performance】-----------------------------------------
2026-04-01 22:51:32 | INFO     | PID:33544 | __main__:main:216 - 【System】Tick 1 data broadcasted to frontend.
2026-04-01 22:51:32 | INFO     | PID:33544 | __main__:main:161 - 【System】Waiting for frontend signal to start Tick 2...
2026-04-01 22:53:03 | INFO     | PID:45608 | examples.deduction.BasicController:update_agents_status:27 - Updating agent status...
2026-04-01 22:53:03 | INFO     | PID:46880 | examples.deduction.BasicController:update_agents_status:27 - Updating agent status...
2026-04-01 22:53:03 | INFO     | PID:46432 | examples.deduction.BasicController:update_agents_status:27 - Updating agent status...
2026-04-01 22:53:03 | INFO     | PID:41568 | examples.deduction.BasicController:update_agents_status:27 - Updating agent status...
2026-04-01 22:53:03 | INFO     | PID:42664 | examples.deduction.BasicController:update_agents_status:27 - Updating agent status...
2026-04-01 22:53:03 | INFO     | PID:46384 | examples.deduction.BasicController:update_agents_status:27 - Updating agent status...
2026-04-01 22:53:03 | INFO     | PID:42700 | examples.deduction.BasicPodManager:update_agents_status:216 - Update agent status completed across all pods.
2026-04-01 22:53:03 | INFO     | PID:33544 | __main__:main:194 - 【Performance】--- Tick 2 Performance Report ---
2026-04-01 22:53:03 | INFO     | PID:33544 | __main__:main:195 - 【Performance】Total Tick Latency: 8.3095s
2026-04-01 22:53:03 | INFO     | PID:33544 | __main__:main:196 - 【Performance】 - Agent Step Latency (Concurrency Execution): 8.2932s (99.8%)
2026-04-01 22:53:03 | INFO     | PID:33544 | __main__:main:197 - 【Performance】 - Message Dispatch Latency: 0.0049s (0.1%)
2026-04-01 22:53:03 | INFO     | PID:33544 | __main__:main:198 - 【Performance】 - Status Update Latency: 0.0114s (0.1%)
2026-04-01 22:53:03 | INFO     | PID:33544 | __main__:main:199 - 【System】--- Tick 2 finished in 8.3095 seconds ---
2026-04-01 22:53:03 | INFO     | PID:33544 | __main__:main:203 - 【System】Collecting agents data for Tick 2...
2026-04-01 22:53:03 | INFO     | PID:33544 | __main__:main:208 - 【System】Broadcasting data for Tick 2 (agents count: 27)...
2026-04-01 22:53:03 | INFO     | PID:33544 | __main__:main:213 - 【Performance】 - Data Collection Latency: 0.2502s
2026-04-01 22:53:03 | INFO     | PID:33544 | __main__:main:214 - 【Performance】 - WS Broadcast Latency: 0.0042s
2026-04-01 22:53:03 | INFO     | PID:33544 | __main__:main:215 - 【Performance】-----------------------------------------
2026-04-01 22:53:03 | INFO     | PID:33544 | __main__:main:216 - 【System】Tick 2 data broadcasted to frontend.
2026-04-01 22:53:03 | INFO     | PID:33544 | __main__:main:161 - 【System】Waiting for frontend signal to start Tick 3...
2026-04-01 22:54:25 | INFO     | PID:46880 | examples.deduction.BasicController:update_agents_status:27 - Updating agent status...
2026-04-01 22:54:25 | INFO     | PID:45608 | examples.deduction.BasicController:update_agents_status:27 - Updating agent status...
2026-04-01 22:54:25 | INFO     | PID:41568 | examples.deduction.BasicController:update_agents_status:27 - Updating agent status...
2026-04-01 22:54:25 | INFO     | PID:46432 | examples.deduction.BasicController:update_agents_status:27 - Updating agent status...
2026-04-01 22:54:25 | INFO     | PID:42664 | examples.deduction.BasicController:update_agents_status:27 - Updating agent status...
2026-04-01 22:54:25 | INFO     | PID:46384 | examples.deduction.BasicController:update_agents_status:27 - Updating agent status...
2026-04-01 22:54:25 | INFO     | PID:42700 | examples.deduction.BasicPodManager:update_agents_status:216 - Update agent status completed across all pods.
2026-04-01 22:54:25 | INFO     | PID:33544 | __main__:main:194 - 【Performance】--- Tick 3 Performance Report ---
2026-04-01 22:54:25 | INFO     | PID:33544 | __main__:main:195 - 【Performance】Total Tick Latency: 5.8856s
2026-04-01 22:54:25 | INFO     | PID:33544 | __main__:main:196 - 【Performance】 - Agent Step Latency (Concurrency Execution): 5.8697s (99.7%)
2026-04-01 22:54:25 | INFO     | PID:33544 | __main__:main:197 - 【Performance】 - Message Dispatch Latency: 0.0046s (0.1%)
2026-04-01 22:54:25 | INFO     | PID:33544 | __main__:main:198 - 【Performance】 - Status Update Latency: 0.0113s (0.2%)
2026-04-01 22:54:25 | INFO     | PID:33544 | __main__:main:199 - 【System】--- Tick 3 finished in 5.8856 seconds ---
2026-04-01 22:54:25 | INFO     | PID:33544 | __main__:main:203 - 【System】Collecting agents data for Tick 3...
2026-04-01 22:54:26 | INFO     | PID:33544 | __main__:main:208 - 【System】Broadcasting data for Tick 3 (agents count: 27)...
2026-04-01 22:54:26 | INFO     | PID:33544 | __main__:main:213 - 【Performance】 - Data Collection Latency: 0.2572s
2026-04-01 22:54:26 | INFO     | PID:33544 | __main__:main:214 - 【Performance】 - WS Broadcast Latency: 0.0005s
2026-04-01 22:54:26 | INFO     | PID:33544 | __main__:main:215 - 【Performance】-----------------------------------------
2026-04-01 22:54:26 | INFO     | PID:33544 | __main__:main:216 - 【System】Tick 3 data broadcasted to frontend.
2026-04-01 22:54:26 | INFO     | PID:33544 | __main__:main:161 - 【System】Waiting for frontend signal to start Tick 4...
2026-04-01 22:58:03 | INFO     | PID:46880 | examples.deduction.BasicController:update_agents_status:27 - Updating agent status...
2026-04-01 22:58:03 | INFO     | PID:45608 | examples.deduction.BasicController:update_agents_status:27 - Updating agent status...
2026-04-01 22:58:03 | INFO     | PID:46432 | examples.deduction.BasicController:update_agents_status:27 - Updating agent status...
2026-04-01 22:58:03 | INFO     | PID:41568 | examples.deduction.BasicController:update_agents_status:27 - Updating agent status...
2026-04-01 22:58:03 | INFO     | PID:46384 | examples.deduction.BasicController:update_agents_status:27 - Updating agent status...
2026-04-01 22:58:03 | INFO     | PID:42664 | examples.deduction.BasicController:update_agents_status:27 - Updating agent status...
2026-04-01 22:58:03 | INFO     | PID:42700 | examples.deduction.BasicPodManager:update_agents_status:216 - Update agent status completed across all pods.
2026-04-01 22:58:03 | INFO     | PID:33544 | __main__:main:194 - 【Performance】--- Tick 4 Performance Report ---
2026-04-01 22:58:03 | INFO     | PID:33544 | __main__:main:195 - 【Performance】Total Tick Latency: 16.8572s
2026-04-01 22:58:03 | INFO     | PID:33544 | __main__:main:196 - 【Performance】 - Agent Step Latency (Concurrency Execution): 16.8388s (99.9%)
2026-04-01 22:58:03 | INFO     | PID:33544 | __main__:main:197 - 【Performance】 - Message Dispatch Latency: 0.0044s (0.0%)
2026-04-01 22:58:03 | INFO     | PID:33544 | __main__:main:198 - 【Performance】 - Status Update Latency: 0.0141s (0.1%)
2026-04-01 22:58:03 | INFO     | PID:33544 | __main__:main:199 - 【System】--- Tick 4 finished in 16.8572 seconds ---
2026-04-01 22:58:03 | INFO     | PID:33544 | __main__:main:203 - 【System】Collecting agents data for Tick 4...
2026-04-01 22:58:04 | INFO     | PID:33544 | __main__:main:208 - 【System】Broadcasting data for Tick 4 (agents count: 27)...
2026-04-01 22:58:04 | INFO     | PID:33544 | __main__:main:213 - 【Performance】 - Data Collection Latency: 0.2624s
2026-04-01 22:58:04 | INFO     | PID:33544 | __main__:main:214 - 【Performance】 - WS Broadcast Latency: 0.0083s
2026-04-01 22:58:04 | INFO     | PID:33544 | __main__:main:215 - 【Performance】-----------------------------------------
2026-04-01 22:58:04 | INFO     | PID:33544 | __main__:main:216 - 【System】Tick 4 data broadcasted to frontend.
2026-04-01 22:58:04 | INFO     | PID:33544 | __main__:main:161 - 【System】Waiting for frontend signal to start Tick 5...
2026-04-01 23:03:57 | INFO     | PID:46880 | examples.deduction.BasicController:update_agents_status:27 - Updating agent status...
2026-04-01 23:03:57 | INFO     | PID:45608 | examples.deduction.BasicController:update_agents_status:27 - Updating agent status...
2026-04-01 23:03:57 | INFO     | PID:46432 | examples.deduction.BasicController:update_agents_status:27 - Updating agent status...
2026-04-01 23:03:57 | INFO     | PID:41568 | examples.deduction.BasicController:update_agents_status:27 - Updating agent status...
2026-04-01 23:03:57 | INFO     | PID:42664 | examples.deduction.BasicController:update_agents_status:27 - Updating agent status...
2026-04-01 23:03:57 | INFO     | PID:46384 | examples.deduction.BasicController:update_agents_status:27 - Updating agent status...
2026-04-01 23:03:57 | INFO     | PID:42700 | examples.deduction.BasicPodManager:update_agents_status:216 - Update agent status completed across all pods.
2026-04-01 23:03:57 | INFO     | PID:33544 | __main__:main:194 - 【Performance】--- Tick 5 Performance Report ---
2026-04-01 23:03:57 | INFO     | PID:33544 | __main__:main:195 - 【Performance】Total Tick Latency: 15.2335s
2026-04-01 23:03:57 | INFO     | PID:33544 | __main__:main:196 - 【Performance】 - Agent Step Latency (Concurrency Execution): 15.2159s (99.9%)
2026-04-01 23:03:57 | INFO     | PID:33544 | __main__:main:197 - 【Performance】 - Message Dispatch Latency: 0.0052s (0.0%)
2026-04-01 23:03:57 | INFO     | PID:33544 | __main__:main:198 - 【Performance】 - Status Update Latency: 0.0124s (0.1%)
2026-04-01 23:03:57 | INFO     | PID:33544 | __main__:main:199 - 【System】--- Tick 5 finished in 15.2335 seconds ---
2026-04-01 23:03:57 | INFO     | PID:33544 | __main__:main:203 - 【System】Collecting agents data for Tick 5...
2026-04-01 23:03:57 | INFO     | PID:33544 | __main__:main:208 - 【System】Broadcasting data for Tick 5 (agents count: 27)...
2026-04-01 23:03:57 | INFO     | PID:33544 | __main__:main:213 - 【Performance】 - Data Collection Latency: 0.2966s
2026-04-01 23:03:57 | INFO     | PID:33544 | __main__:main:214 - 【Performance】 - WS Broadcast Latency: 0.0110s
2026-04-01 23:03:57 | INFO     | PID:33544 | __main__:main:215 - 【Performance】-----------------------------------------
2026-04-01 23:03:57 | INFO     | PID:33544 | __main__:main:216 - 【System】Tick 5 data broadcasted to frontend.
2026-04-01 23:03:57 | INFO     | PID:33544 | __main__:main:161 - 【System】Waiting for frontend signal to start Tick 6...
2026-04-01 23:07:01 | INFO     | PID:42056 | __main__:main:65 - 【System】Project path set to D:\Research\OpenStory\examples\deduction.
2026-04-01 23:07:01 | INFO     | PID:42056 | __main__:main:71 - 【System】Loaded 50 locations from map.
2026-04-01 23:07:01 | INFO     | PID:42056 | __main__:main:103 - 【System】Init Ray with runtime env: {'working_dir': 'D:\\Research\\OpenStory\\examples\\deduction', 'env_vars': {'MAS_EVENT_LOG_DIR': 'D:\\Research\\OpenStory\\examples\\deduction', 'PYTHONPATH': 'D:\\Research\\OpenStory;D:\\Research\\OpenStory\\packages\\agentkernel-distributed;D:\\Research\\OpenStory\\packages\\agentkernel-standalone'}, 'excludes': ['*.pyc', '__pycache__', 'docs', 'info_extraction']}.
2026-04-01 23:07:11 | INFO     | PID:42056 | __main__:main:107 - 【System】Ray is initialized.
2026-04-01 23:07:11 | INFO     | PID:42056 | __main__:main:110 - 【System】Initialize the builder...
2026-04-01 23:07:11 | INFO     | PID:42056 | __main__:main:117 - 【System】Start all the simulation components...
2026-04-01 23:07:24 | INFO     | PID:42056 | __main__:main:153 - 【System】API Server started at http://0.0.0.0:8000
2026-04-01 23:07:24 | INFO     | PID:42056 | __main__:main:161 - 【System】Waiting for frontend signal to start Tick 0...
2026-04-01 23:08:17 | INFO     | PID:47240 | examples.deduction.BasicController:update_agents_status:27 - Updating agent status...
2026-04-01 23:08:17 | INFO     | PID:42424 | examples.deduction.BasicController:update_agents_status:27 - Updating agent status...
2026-04-01 23:08:17 | INFO     | PID:9668 | examples.deduction.BasicController:update_agents_status:27 - Updating agent status...
2026-04-01 23:08:17 | INFO     | PID:43968 | examples.deduction.BasicController:update_agents_status:27 - Updating agent status...
2026-04-01 23:08:17 | INFO     | PID:8880 | examples.deduction.BasicController:update_agents_status:27 - Updating agent status...
2026-04-01 23:08:17 | INFO     | PID:25904 | examples.deduction.BasicPodManager:update_agents_status:216 - Update agent status completed across all pods.
2026-04-01 23:08:17 | INFO     | PID:42056 | __main__:main:194 - 【Performance】--- Tick 0 Performance Report ---
2026-04-01 23:08:17 | INFO     | PID:42056 | __main__:main:195 - 【Performance】Total Tick Latency: 16.8531s
2026-04-01 23:08:17 | INFO     | PID:42056 | __main__:main:196 - 【Performance】 - Agent Step Latency (Concurrency Execution): 16.8352s (99.9%)
2026-04-01 23:08:17 | INFO     | PID:42056 | __main__:main:197 - 【Performance】 - Message Dispatch Latency: 0.0041s (0.0%)
2026-04-01 23:08:17 | INFO     | PID:42056 | __main__:main:198 - 【Performance】 - Status Update Latency: 0.0139s (0.1%)
2026-04-01 23:08:17 | INFO     | PID:42056 | __main__:main:199 - 【System】--- Tick 0 finished in 16.8531 seconds ---
2026-04-01 23:08:17 | INFO     | PID:42056 | __main__:main:203 - 【System】Collecting agents data for Tick 0...
2026-04-01 23:08:17 | INFO     | PID:42056 | __main__:main:208 - 【System】Broadcasting data for Tick 0 (agents count: 27)...
2026-04-01 23:08:17 | INFO     | PID:42056 | __main__:main:213 - 【Performance】 - Data Collection Latency: 0.2227s
2026-04-01 23:08:17 | INFO     | PID:42056 | __main__:main:214 - 【Performance】 - WS Broadcast Latency: 0.0000s
2026-04-01 23:08:17 | INFO     | PID:42056 | __main__:main:215 - 【Performance】-----------------------------------------
2026-04-01 23:08:17 | INFO     | PID:42056 | __main__:main:216 - 【System】Tick 0 data broadcasted to frontend.
2026-04-01 23:08:17 | INFO     | PID:42056 | __main__:main:161 - 【System】Waiting for frontend signal to start Tick 1...
2026-04-01 23:08:53 | INFO     | PID:42424 | examples.deduction.BasicController:update_agents_status:27 - Updating agent status...
2026-04-01 23:08:53 | INFO     | PID:43968 | examples.deduction.BasicController:update_agents_status:27 - Updating agent status...
2026-04-01 23:08:53 | INFO     | PID:8880 | examples.deduction.BasicController:update_agents_status:27 - Updating agent status...
2026-04-01 23:08:53 | INFO     | PID:4380 | examples.deduction.BasicController:update_agents_status:27 - Updating agent status...
2026-04-01 23:08:53 | INFO     | PID:25904 | examples.deduction.BasicPodManager:update_agents_status:216 - Update agent status completed across all pods.
2026-04-01 23:08:53 | INFO     | PID:42056 | __main__:main:194 - 【Performance】--- Tick 1 Performance Report ---
2026-04-01 23:08:53 | INFO     | PID:42056 | __main__:main:195 - 【Performance】Total Tick Latency: 10.6123s
2026-04-01 23:08:53 | INFO     | PID:42056 | __main__:main:196 - 【Performance】 - Agent Step Latency (Concurrency Execution): 10.5996s (99.9%)
2026-04-01 23:08:53 | INFO     | PID:42056 | __main__:main:197 - 【Performance】 - Message Dispatch Latency: 0.0027s (0.0%)
2026-04-01 23:08:53 | INFO     | PID:42056 | __main__:main:198 - 【Performance】 - Status Update Latency: 0.0100s (0.1%)
2026-04-01 23:08:53 | INFO     | PID:42056 | __main__:main:199 - 【System】--- Tick 1 finished in 10.6123 seconds ---
2026-04-01 23:08:53 | INFO     | PID:42056 | __main__:main:203 - 【System】Collecting agents data for Tick 1...
2026-04-01 23:08:53 | INFO     | PID:42056 | __main__:main:208 - 【System】Broadcasting data for Tick 1 (agents count: 27)...
2026-04-01 23:08:53 | INFO     | PID:42056 | __main__:main:213 - 【Performance】 - Data Collection Latency: 0.2493s
2026-04-01 23:08:53 | INFO     | PID:42056 | __main__:main:214 - 【Performance】 - WS Broadcast Latency: 0.0041s
2026-04-01 23:08:53 | INFO     | PID:42056 | __main__:main:215 - 【Performance】-----------------------------------------
2026-04-01 23:08:53 | INFO     | PID:42056 | __main__:main:216 - 【System】Tick 1 data broadcasted to frontend.
2026-04-01 23:08:54 | INFO     | PID:42056 | __main__:main:161 - 【System】Waiting for frontend signal to start Tick 2...
2026-04-01 23:09:51 | INFO     | PID:42424 | examples.deduction.BasicController:update_agents_status:27 - Updating agent status...
2026-04-01 23:09:51 | INFO     | PID:47240 | examples.deduction.BasicController:update_agents_status:27 - Updating agent status...
2026-04-01 23:09:51 | INFO     | PID:8880 | examples.deduction.BasicController:update_agents_status:27 - Updating agent status...
2026-04-01 23:09:51 | INFO     | PID:4380 | examples.deduction.BasicController:update_agents_status:27 - Updating agent status...
2026-04-01 23:09:51 | INFO     | PID:43968 | examples.deduction.BasicController:update_agents_status:27 - Updating agent status...
2026-04-01 23:09:51 | INFO     | PID:9668 | examples.deduction.BasicController:update_agents_status:27 - Updating agent status...
2026-04-01 23:09:51 | INFO     | PID:25904 | examples.deduction.BasicPodManager:update_agents_status:216 - Update agent status completed across all pods.
2026-04-01 23:09:51 | INFO     | PID:42056 | __main__:main:194 - 【Performance】--- Tick 2 Performance Report ---
2026-04-01 23:09:51 | INFO     | PID:42056 | __main__:main:195 - 【Performance】Total Tick Latency: 5.6203s
2026-04-01 23:09:51 | INFO     | PID:42056 | __main__:main:196 - 【Performance】 - Agent Step Latency (Concurrency Execution): 5.6075s (99.8%)
2026-04-01 23:09:51 | INFO     | PID:42056 | __main__:main:197 - 【Performance】 - Message Dispatch Latency: 0.0025s (0.0%)
2026-04-01 23:09:51 | INFO     | PID:42056 | __main__:main:198 - 【Performance】 - Status Update Latency: 0.0103s (0.2%)
2026-04-01 23:09:51 | INFO     | PID:42056 | __main__:main:199 - 【System】--- Tick 2 finished in 5.6203 seconds ---
2026-04-01 23:09:51 | INFO     | PID:42056 | __main__:main:203 - 【System】Collecting agents data for Tick 2...
2026-04-01 23:09:51 | INFO     | PID:42056 | __main__:main:208 - 【System】Broadcasting data for Tick 2 (agents count: 27)...
2026-04-01 23:09:51 | INFO     | PID:42056 | __main__:main:213 - 【Performance】 - Data Collection Latency: 0.2367s
2026-04-01 23:09:51 | INFO     | PID:42056 | __main__:main:214 - 【Performance】 - WS Broadcast Latency: 0.0026s
2026-04-01 23:09:51 | INFO     | PID:42056 | __main__:main:215 - 【Performance】-----------------------------------------
2026-04-01 23:09:51 | INFO     | PID:42056 | __main__:main:216 - 【System】Tick 2 data broadcasted to frontend.
2026-04-01 23:09:51 | INFO     | PID:42056 | __main__:main:161 - 【System】Waiting for frontend signal to start Tick 3...
2026-04-01 23:10:24 | INFO     | PID:47240 | examples.deduction.BasicController:update_agents_status:27 - Updating agent status...
2026-04-01 23:10:24 | INFO     | PID:42424 | examples.deduction.BasicController:update_agents_status:27 - Updating agent status...
2026-04-01 23:10:24 | INFO     | PID:9668 | examples.deduction.BasicController:update_agents_status:27 - Updating agent status...
2026-04-01 23:10:24 | INFO     | PID:4380 | examples.deduction.BasicController:update_agents_status:27 - Updating agent status...
2026-04-01 23:10:24 | INFO     | PID:43968 | examples.deduction.BasicController:update_agents_status:27 - Updating agent status...
2026-04-01 23:10:24 | INFO     | PID:8880 | examples.deduction.BasicController:update_agents_status:27 - Updating agent status...
2026-04-01 23:10:24 | INFO     | PID:25904 | examples.deduction.BasicPodManager:update_agents_status:216 - Update agent status completed across all pods.
2026-04-01 23:10:24 | INFO     | PID:42056 | __main__:main:194 - 【Performance】--- Tick 3 Performance Report ---
2026-04-01 23:10:24 | INFO     | PID:42056 | __main__:main:195 - 【Performance】Total Tick Latency: 13.3205s
2026-04-01 23:10:24 | INFO     | PID:42056 | __main__:main:196 - 【Performance】 - Agent Step Latency (Concurrency Execution): 13.3128s (99.9%)
2026-04-01 23:10:24 | INFO     | PID:42056 | __main__:main:197 - 【Performance】 - Message Dispatch Latency: 0.0040s (0.0%)
2026-04-01 23:10:24 | INFO     | PID:42056 | __main__:main:198 - 【Performance】 - Status Update Latency: 0.0037s (0.0%)
2026-04-01 23:10:24 | INFO     | PID:42056 | __main__:main:199 - 【System】--- Tick 3 finished in 13.3205 seconds ---
2026-04-01 23:10:24 | INFO     | PID:42056 | __main__:main:203 - 【System】Collecting agents data for Tick 3...
2026-04-01 23:10:24 | INFO     | PID:42056 | __main__:main:208 - 【System】Broadcasting data for Tick 3 (agents count: 27)...
2026-04-01 23:10:24 | INFO     | PID:42056 | __main__:main:213 - 【Performance】 - Data Collection Latency: 0.1707s
2026-04-01 23:10:24 | INFO     | PID:42056 | __main__:main:214 - 【Performance】 - WS Broadcast Latency: 0.0000s
2026-04-01 23:10:24 | INFO     | PID:42056 | __main__:main:215 - 【Performance】-----------------------------------------
2026-04-01 23:10:24 | INFO     | PID:42056 | __main__:main:216 - 【System】Tick 3 data broadcasted to frontend.
2026-04-01 23:10:24 | INFO     | PID:42056 | __main__:main:161 - 【System】Waiting for frontend signal to start Tick 4...
2026-04-01 23:11:34 | INFO     | PID:47240 | examples.deduction.BasicController:update_agents_status:27 - Updating agent status...
2026-04-01 23:11:34 | INFO     | PID:4380 | examples.deduction.BasicController:update_agents_status:27 - Updating agent status...
2026-04-01 23:11:34 | INFO     | PID:43968 | examples.deduction.BasicController:update_agents_status:27 - Updating agent status...
2026-04-01 23:11:34 | INFO     | PID:42424 | examples.deduction.BasicController:update_agents_status:27 - Updating agent status...
2026-04-01 23:11:34 | INFO     | PID:9668 | examples.deduction.BasicController:update_agents_status:27 - Updating agent status...
2026-04-01 23:11:34 | INFO     | PID:8880 | examples.deduction.BasicController:update_agents_status:27 - Updating agent status...
2026-04-01 23:11:34 | INFO     | PID:25904 | examples.deduction.BasicPodManager:update_agents_status:216 - Update agent status completed across all pods.
2026-04-01 23:11:34 | INFO     | PID:42056 | __main__:main:194 - 【Performance】--- Tick 4 Performance Report ---
2026-04-01 23:11:34 | INFO     | PID:42056 | __main__:main:195 - 【Performance】Total Tick Latency: 14.1330s
2026-04-01 23:11:34 | INFO     | PID:42056 | __main__:main:196 - 【Performance】 - Agent Step Latency (Concurrency Execution): 14.1159s (99.9%)
2026-04-01 23:11:34 | INFO     | PID:42056 | __main__:main:197 - 【Performance】 - Message Dispatch Latency: 0.0068s (0.0%)
2026-04-01 23:11:34 | INFO     | PID:42056 | __main__:main:198 - 【Performance】 - Status Update Latency: 0.0102s (0.1%)
2026-04-01 23:11:34 | INFO     | PID:42056 | __main__:main:199 - 【System】--- Tick 4 finished in 14.1330 seconds ---
2026-04-01 23:11:34 | INFO     | PID:42056 | __main__:main:203 - 【System】Collecting agents data for Tick 4...
2026-04-01 23:11:35 | INFO     | PID:42056 | __main__:main:208 - 【System】Broadcasting data for Tick 4 (agents count: 27)...
2026-04-01 23:11:35 | INFO     | PID:42056 | __main__:main:213 - 【Performance】 - Data Collection Latency: 0.3070s
2026-04-01 23:11:35 | INFO     | PID:42056 | __main__:main:214 - 【Performance】 - WS Broadcast Latency: 0.0088s
2026-04-01 23:11:35 | INFO     | PID:42056 | __main__:main:215 - 【Performance】-----------------------------------------
2026-04-01 23:11:35 | INFO     | PID:42056 | __main__:main:216 - 【System】Tick 4 data broadcasted to frontend.
2026-04-01 23:11:35 | INFO     | PID:42056 | __main__:main:161 - 【System】Waiting for frontend signal to start Tick 5...
2026-04-01 23:12:13 | INFO     | PID:42424 | examples.deduction.BasicController:update_agents_status:27 - Updating agent status...
2026-04-01 23:12:13 | INFO     | PID:9668 | examples.deduction.BasicController:update_agents_status:27 - Updating agent status...
2026-04-01 23:12:13 | INFO     | PID:47240 | examples.deduction.BasicController:update_agents_status:27 - Updating agent status...
2026-04-01 23:12:13 | INFO     | PID:43968 | examples.deduction.BasicController:update_agents_status:27 - Updating agent status...
2026-04-01 23:12:13 | INFO     | PID:8880 | examples.deduction.BasicController:update_agents_status:27 - Updating agent status...
2026-04-01 23:12:13 | INFO     | PID:25904 | examples.deduction.BasicPodManager:update_agents_status:216 - Update agent status completed across all pods.
2026-04-01 23:12:13 | INFO     | PID:42056 | __main__:main:194 - 【Performance】--- Tick 5 Performance Report ---
2026-04-01 23:12:13 | INFO     | PID:42056 | __main__:main:195 - 【Performance】Total Tick Latency: 11.9469s
2026-04-01 23:12:13 | INFO     | PID:42056 | __main__:main:196 - 【Performance】 - Agent Step Latency (Concurrency Execution): 11.9276s (99.8%)
2026-04-01 23:12:13 | INFO     | PID:42056 | __main__:main:197 - 【Performance】 - Message Dispatch Latency: 0.0030s (0.0%)
2026-04-01 23:12:13 | INFO     | PID:42056 | __main__:main:198 - 【Performance】 - Status Update Latency: 0.0163s (0.1%)
2026-04-01 23:12:13 | INFO     | PID:42056 | __main__:main:199 - 【System】--- Tick 5 finished in 11.9469 seconds ---
2026-04-01 23:12:13 | INFO     | PID:42056 | __main__:main:203 - 【System】Collecting agents data for Tick 5...
2026-04-01 23:12:13 | INFO     | PID:42056 | __main__:main:208 - 【System】Broadcasting data for Tick 5 (agents count: 27)...
2026-04-01 23:12:13 | INFO     | PID:42056 | __main__:main:213 - 【Performance】 - Data Collection Latency: 0.2879s
2026-04-01 23:12:13 | INFO     | PID:42056 | __main__:main:214 - 【Performance】 - WS Broadcast Latency: 0.0104s
2026-04-01 23:12:13 | INFO     | PID:42056 | __main__:main:215 - 【Performance】-----------------------------------------
2026-04-01 23:12:13 | INFO     | PID:42056 | __main__:main:216 - 【System】Tick 5 data broadcasted to frontend.
2026-04-01 23:12:13 | INFO     | PID:42056 | __main__:main:161 - 【System】Waiting for frontend signal to start Tick 6...
2026-04-01 23:15:30 | INFO     | PID:43968 | examples.deduction.BasicController:update_agents_status:27 - Updating agent status...
2026-04-01 23:15:30 | INFO     | PID:47240 | examples.deduction.BasicController:update_agents_status:27 - Updating agent status...
2026-04-01 23:15:30 | INFO     | PID:9668 | examples.deduction.BasicController:update_agents_status:27 - Updating agent status...
2026-04-01 23:15:30 | INFO     | PID:8880 | examples.deduction.BasicController:update_agents_status:27 - Updating agent status...
2026-04-01 23:15:30 | INFO     | PID:42424 | examples.deduction.BasicController:update_agents_status:27 - Updating agent status...
2026-04-01 23:15:30 | INFO     | PID:4380 | examples.deduction.BasicController:update_agents_status:27 - Updating agent status...
2026-04-01 23:15:30 | INFO     | PID:25904 | examples.deduction.BasicPodManager:update_agents_status:216 - Update agent status completed across all pods.
2026-04-01 23:15:30 | INFO     | PID:42056 | __main__:main:194 - 【Performance】--- Tick 6 Performance Report ---
2026-04-01 23:15:30 | INFO     | PID:42056 | __main__:main:195 - 【Performance】Total Tick Latency: 8.7106s
2026-04-01 23:15:30 | INFO     | PID:42056 | __main__:main:196 - 【Performance】 - Agent Step Latency (Concurrency Execution): 8.6969s (99.8%)
2026-04-01 23:15:30 | INFO     | PID:42056 | __main__:main:197 - 【Performance】 - Message Dispatch Latency: 0.0058s (0.1%)
2026-04-01 23:15:30 | INFO     | PID:42056 | __main__:main:198 - 【Performance】 - Status Update Latency: 0.0079s (0.1%)
2026-04-01 23:15:30 | INFO     | PID:42056 | __main__:main:199 - 【System】--- Tick 6 finished in 8.7106 seconds ---
2026-04-01 23:15:30 | INFO     | PID:42056 | __main__:main:203 - 【System】Collecting agents data for Tick 6...
2026-04-01 23:15:30 | INFO     | PID:42056 | __main__:main:208 - 【System】Broadcasting data for Tick 6 (agents count: 27)...
2026-04-01 23:15:30 | INFO     | PID:42056 | __main__:main:213 - 【Performance】 - Data Collection Latency: 0.2501s
2026-04-01 23:15:30 | INFO     | PID:42056 | __main__:main:214 - 【Performance】 - WS Broadcast Latency: 0.0115s
2026-04-01 23:15:30 | INFO     | PID:42056 | __main__:main:215 - 【Performance】-----------------------------------------
2026-04-01 23:15:30 | INFO     | PID:42056 | __main__:main:216 - 【System】Tick 6 data broadcasted to frontend.
2026-04-01 23:15:30 | INFO     | PID:42056 | __main__:main:161 - 【System】Waiting for frontend signal to start Tick 7...
2026-04-01 23:16:08 | INFO     | PID:42424 | examples.deduction.BasicController:update_agents_status:27 - Updating agent status...
2026-04-01 23:16:08 | INFO     | PID:47240 | examples.deduction.BasicController:update_agents_status:27 - Updating agent status...
2026-04-01 23:16:08 | INFO     | PID:43968 | examples.deduction.BasicController:update_agents_status:27 - Updating agent status...
2026-04-01 23:16:08 | INFO     | PID:8880 | examples.deduction.BasicController:update_agents_status:27 - Updating agent status...
2026-04-01 23:16:08 | INFO     | PID:4380 | examples.deduction.BasicController:update_agents_status:27 - Updating agent status...
2026-04-01 23:16:08 | INFO     | PID:9668 | examples.deduction.BasicController:update_agents_status:27 - Updating agent status...
2026-04-01 23:16:08 | INFO     | PID:25904 | examples.deduction.BasicPodManager:update_agents_status:216 - Update agent status completed across all pods.
2026-04-01 23:16:08 | INFO     | PID:42056 | __main__:main:194 - 【Performance】--- Tick 7 Performance Report ---
2026-04-01 23:16:08 | INFO     | PID:42056 | __main__:main:195 - 【Performance】Total Tick Latency: 11.8304s
2026-04-01 23:16:08 | INFO     | PID:42056 | __main__:main:196 - 【Performance】 - Agent Step Latency (Concurrency Execution): 11.8159s (99.9%)
2026-04-01 23:16:08 | INFO     | PID:42056 | __main__:main:197 - 【Performance】 - Message Dispatch Latency: 0.0020s (0.0%)
2026-04-01 23:16:08 | INFO     | PID:42056 | __main__:main:198 - 【Performance】 - Status Update Latency: 0.0125s (0.1%)
2026-04-01 23:16:08 | INFO     | PID:42056 | __main__:main:199 - 【System】--- Tick 7 finished in 11.8304 seconds ---
2026-04-01 23:16:08 | INFO     | PID:42056 | __main__:main:203 - 【System】Collecting agents data for Tick 7...
2026-04-01 23:16:08 | INFO     | PID:42056 | __main__:main:208 - 【System】Broadcasting data for Tick 7 (agents count: 27)...
2026-04-01 23:16:08 | INFO     | PID:42056 | __main__:main:213 - 【Performance】 - Data Collection Latency: 0.3011s
2026-04-01 23:16:08 | INFO     | PID:42056 | __main__:main:214 - 【Performance】 - WS Broadcast Latency: 0.0092s
2026-04-01 23:16:08 | INFO     | PID:42056 | __main__:main:215 - 【Performance】-----------------------------------------
2026-04-01 23:16:08 | INFO     | PID:42056 | __main__:main:216 - 【System】Tick 7 data broadcasted to frontend.
2026-04-01 23:16:08 | INFO     | PID:42056 | __main__:main:161 - 【System】Waiting for frontend signal to start Tick 8...
2026-04-01 23:17:43 | INFO     | PID:47240 | examples.deduction.BasicController:update_agents_status:27 - Updating agent status...
2026-04-01 23:17:43 | INFO     | PID:9668 | examples.deduction.BasicController:update_agents_status:27 - Updating agent status...
2026-04-01 23:17:43 | INFO     | PID:4380 | examples.deduction.BasicController:update_agents_status:27 - Updating agent status...
2026-04-01 23:17:43 | INFO     | PID:43968 | examples.deduction.BasicController:update_agents_status:27 - Updating agent status...
2026-04-01 23:17:43 | INFO     | PID:8880 | examples.deduction.BasicController:update_agents_status:27 - Updating agent status...
2026-04-01 23:17:43 | INFO     | PID:25904 | examples.deduction.BasicPodManager:update_agents_status:216 - Update agent status completed across all pods.
2026-04-01 23:17:43 | INFO     | PID:42056 | __main__:main:194 - 【Performance】--- Tick 8 Performance Report ---
2026-04-01 23:17:43 | INFO     | PID:42056 | __main__:main:195 - 【Performance】Total Tick Latency: 15.8527s
2026-04-01 23:17:43 | INFO     | PID:42056 | __main__:main:196 - 【Performance】 - Agent Step Latency (Concurrency Execution): 15.8393s (99.9%)
2026-04-01 23:17:43 | INFO     | PID:42056 | __main__:main:197 - 【Performance】 - Message Dispatch Latency: 0.0010s (0.0%)
2026-04-01 23:17:43 | INFO     | PID:42056 | __main__:main:198 - 【Performance】 - Status Update Latency: 0.0124s (0.1%)
2026-04-01 23:17:43 | INFO     | PID:42056 | __main__:main:199 - 【System】--- Tick 8 finished in 15.8527 seconds ---
2026-04-01 23:17:43 | INFO     | PID:42056 | __main__:main:203 - 【System】Collecting agents data for Tick 8...
2026-04-01 23:17:43 | INFO     | PID:42056 | __main__:main:208 - 【System】Broadcasting data for Tick 8 (agents count: 27)...
2026-04-01 23:17:43 | INFO     | PID:42056 | __main__:main:213 - 【Performance】 - Data Collection Latency: 0.2547s
2026-04-01 23:17:43 | INFO     | PID:42056 | __main__:main:214 - 【Performance】 - WS Broadcast Latency: 0.0117s
2026-04-01 23:17:43 | INFO     | PID:42056 | __main__:main:215 - 【Performance】-----------------------------------------
2026-04-01 23:17:43 | INFO     | PID:42056 | __main__:main:216 - 【System】Tick 8 data broadcasted to frontend.
2026-04-01 23:17:43 | INFO     | PID:42056 | __main__:main:161 - 【System】Waiting for frontend signal to start Tick 9...
2026-04-08 21:23:58 | INFO     | PID:492884 | __main__:main:65 - 【System】Project path set to D:\Research\OpenStory\examples\deduction_en.
2026-04-08 21:23:58 | INFO     | PID:492884 | __main__:main:71 - 【System】Loaded 50 locations from map.
2026-04-08 21:23:58 | INFO     | PID:492884 | __main__:main:103 - 【System】Init Ray with runtime env: {'working_dir': 'D:\\Research\\OpenStory\\examples\\deduction_en', 'env_vars': {'MAS_EVENT_LOG_DIR': 'D:\\Research\\OpenStory\\examples\\deduction_en', 'PYTHONPATH': 'D:\\Research\\OpenStory;D:\\Research\\OpenStory\\packages\\agentkernel-distributed;D:\\Research\\OpenStory\\packages\\agentkernel-standalone'}, 'excludes': ['*.pyc', '__pycache__', 'docs', 'info_extraction']}.
2026-04-08 21:24:24 | INFO     | PID:492884 | __main__:main:107 - 【System】Ray is initialized.
2026-04-08 21:24:24 | INFO     | PID:492884 | __main__:main:110 - 【System】Initialize the builder...
2026-04-08 21:24:24 | INFO     | PID:492884 | __main__:main:117 - 【System】Start all the simulation components...
2026-04-08 21:24:36 | INFO     | PID:492884 | __main__:main:153 - 【System】API Server started at http://0.0.0.0:8000
2026-04-08 21:24:36 | INFO     | PID:492884 | __main__:main:161 - 【System】Waiting for frontend signal to start Tick 0...
2026-04-08 21:32:01 | INFO     | PID:516848 | __main__:main:65 - 【System】Project path set to D:\Research\OpenStory\examples\deduction_en.
2026-04-08 21:32:01 | INFO     | PID:516848 | __main__:main:71 - 【System】Loaded 50 locations from map.
2026-04-08 21:32:01 | INFO     | PID:516848 | __main__:main:103 - 【System】Init Ray with runtime env: {'working_dir': 'D:\\Research\\OpenStory\\examples\\deduction_en', 'env_vars': {'MAS_EVENT_LOG_DIR': 'D:\\Research\\OpenStory\\examples\\deduction_en', 'PYTHONPATH': 'D:\\Research\\OpenStory;D:\\Research\\OpenStory\\packages\\agentkernel-distributed;D:\\Research\\OpenStory\\packages\\agentkernel-standalone'}, 'excludes': ['*.pyc', '__pycache__', 'docs', 'info_extraction']}.
2026-04-08 21:32:24 | INFO     | PID:516848 | __main__:main:107 - 【System】Ray is initialized.
2026-04-08 21:32:24 | INFO     | PID:516848 | __main__:main:110 - 【System】Initialize the builder...
2026-04-08 21:32:24 | INFO     | PID:516848 | __main__:main:117 - 【System】Start all the simulation components...
2026-04-08 21:32:35 | INFO     | PID:516848 | __main__:main:153 - 【System】API Server started at http://0.0.0.0:8000
2026-04-08 21:32:35 | INFO     | PID:516848 | __main__:main:161 - 【System】Waiting for frontend signal to start Tick 0...
2026-04-08 21:57:24 | INFO     | PID:530144 | __main__:main:65 - 【System】Project path set to D:\Research\OpenStory\examples\deduction_en.
2026-04-08 21:57:24 | INFO     | PID:530144 | __main__:main:71 - 【System】Loaded 50 locations from map.
2026-04-08 21:57:24 | INFO     | PID:530144 | __main__:main:103 - 【System】Init Ray with runtime env: {'working_dir': 'D:\\Research\\OpenStory\\examples\\deduction_en', 'env_vars': {'MAS_EVENT_LOG_DIR': 'D:\\Research\\OpenStory\\examples\\deduction_en', 'PYTHONPATH': 'D:\\Research\\OpenStory;D:\\Research\\OpenStory\\packages\\agentkernel-distributed;D:\\Research\\OpenStory\\packages\\agentkernel-standalone'}, 'excludes': ['*.pyc', '__pycache__', 'docs', 'info_extraction']}.
2026-04-08 21:57:59 | INFO     | PID:530144 | __main__:main:107 - 【System】Ray is initialized.
2026-04-08 21:57:59 | INFO     | PID:530144 | __main__:main:110 - 【System】Initialize the builder...
2026-04-08 21:57:59 | INFO     | PID:530144 | __main__:main:117 - 【System】Start all the simulation components...
2026-04-08 21:58:08 | INFO     | PID:530144 | __main__:main:153 - 【System】API Server started at http://0.0.0.0:8000
2026-04-08 21:58:08 | INFO     | PID:530144 | __main__:main:161 - 【System】Waiting for frontend signal to start Tick 0...
2026-04-08 21:59:42 | INFO     | PID:521728 | examples.deduction_en.BasicController:update_agents_status:27 - Updating agent status...
2026-04-08 21:59:42 | INFO     | PID:521548 | examples.deduction_en.BasicController:update_agents_status:27 - Updating agent status...
2026-04-08 21:59:42 | INFO     | PID:527748 | examples.deduction_en.BasicController:update_agents_status:27 - Updating agent status...
2026-04-08 21:59:42 | INFO     | PID:521312 | examples.deduction_en.BasicController:update_agents_status:27 - Updating agent status...
2026-04-08 21:59:42 | INFO     | PID:520216 | examples.deduction_en.BasicController:update_agents_status:27 - Updating agent status...
2026-04-08 21:59:42 | INFO     | PID:528280 | examples.deduction_en.BasicController:update_agents_status:27 - Updating agent status...
2026-04-08 21:59:42 | INFO     | PID:519776 | examples.deduction_en.BasicPodManager:update_agents_status:216 - Update agent status completed across all pods.
2026-04-08 21:59:42 | INFO     | PID:530144 | __main__:main:194 - 【Performance】--- Tick 0 Performance Report ---
2026-04-08 21:59:42 | INFO     | PID:530144 | __main__:main:195 - 【Performance】Total Tick Latency: 18.6616s
2026-04-08 21:59:42 | INFO     | PID:530144 | __main__:main:196 - 【Performance】 - Agent Step Latency (Concurrency Execution): 18.6448s (99.9%)
2026-04-08 21:59:42 | INFO     | PID:530144 | __main__:main:197 - 【Performance】 - Message Dispatch Latency: 0.0041s (0.0%)
2026-04-08 21:59:42 | INFO     | PID:530144 | __main__:main:198 - 【Performance】 - Status Update Latency: 0.0128s (0.1%)
2026-04-08 21:59:42 | INFO     | PID:530144 | __main__:main:199 - 【System】--- Tick 0 finished in 18.6616 seconds ---
2026-04-08 21:59:42 | INFO     | PID:530144 | __main__:main:203 - 【System】Collecting agents data for Tick 0...
2026-04-08 21:59:42 | INFO     | PID:530144 | __main__:main:208 - 【System】Broadcasting data for Tick 0 (agents count: 27)...
2026-04-08 21:59:42 | INFO     | PID:530144 | __main__:main:213 - 【Performance】 - Data Collection Latency: 0.1708s
2026-04-08 21:59:42 | INFO     | PID:530144 | __main__:main:214 - 【Performance】 - WS Broadcast Latency: 0.0043s
2026-04-08 21:59:42 | INFO     | PID:530144 | __main__:main:215 - 【Performance】-----------------------------------------
2026-04-08 21:59:42 | INFO     | PID:530144 | __main__:main:216 - 【System】Tick 0 data broadcasted to frontend.
2026-04-08 21:59:42 | INFO     | PID:530144 | __main__:main:161 - 【System】Waiting for frontend signal to start Tick 1...
2026-04-08 22:11:40 | INFO     | PID:521728 | examples.deduction_en.BasicController:update_agents_status:27 - Updating agent status...
2026-04-08 22:11:40 | INFO     | PID:521548 | examples.deduction_en.BasicController:update_agents_status:27 - Updating agent status...
2026-04-08 22:11:40 | INFO     | PID:521312 | examples.deduction_en.BasicController:update_agents_status:27 - Updating agent status...
2026-04-08 22:11:40 | INFO     | PID:528280 | examples.deduction_en.BasicController:update_agents_status:27 - Updating agent status...
2026-04-08 22:11:40 | INFO     | PID:520216 | examples.deduction_en.BasicController:update_agents_status:27 - Updating agent status...
2026-04-08 22:11:40 | INFO     | PID:519776 | examples.deduction_en.BasicPodManager:update_agents_status:216 - Update agent status completed across all pods.
2026-04-08 22:11:40 | INFO     | PID:530144 | __main__:main:194 - 【Performance】--- Tick 1 Performance Report ---
2026-04-08 22:11:40 | INFO     | PID:530144 | __main__:main:195 - 【Performance】Total Tick Latency: 6.2907s
2026-04-08 22:11:40 | INFO     | PID:530144 | __main__:main:196 - 【Performance】 - Agent Step Latency (Concurrency Execution): 6.2820s (99.9%)
2026-04-08 22:11:40 | INFO     | PID:530144 | __main__:main:197 - 【Performance】 - Message Dispatch Latency: 0.0000s (0.0%)
2026-04-08 22:11:40 | INFO     | PID:530144 | __main__:main:198 - 【Performance】 - Status Update Latency: 0.0087s (0.1%)
2026-04-08 22:11:40 | INFO     | PID:530144 | __main__:main:199 - 【System】--- Tick 1 finished in 6.2907 seconds ---
2026-04-08 22:11:40 | INFO     | PID:530144 | __main__:main:203 - 【System】Collecting agents data for Tick 1...
2026-04-08 22:11:40 | INFO     | PID:530144 | __main__:main:208 - 【System】Broadcasting data for Tick 1 (agents count: 27)...
2026-04-08 22:11:40 | INFO     | PID:530144 | __main__:main:213 - 【Performance】 - Data Collection Latency: 0.1695s
2026-04-08 22:11:40 | INFO     | PID:530144 | __main__:main:214 - 【Performance】 - WS Broadcast Latency: 0.0015s
2026-04-08 22:11:40 | INFO     | PID:530144 | __main__:main:215 - 【Performance】-----------------------------------------
2026-04-08 22:11:40 | INFO     | PID:530144 | __main__:main:216 - 【System】Tick 1 data broadcasted to frontend.
2026-04-08 22:11:40 | INFO     | PID:530144 | __main__:main:161 - 【System】Waiting for frontend signal to start Tick 2...
2026-04-08 22:33:39 | INFO     | PID:521728 | examples.deduction_en.BasicController:update_agents_status:27 - Updating agent status...
2026-04-08 22:33:39 | INFO     | PID:527748 | examples.deduction_en.BasicController:update_agents_status:27 - Updating agent status...
2026-04-08 22:33:39 | INFO     | PID:521548 | examples.deduction_en.BasicController:update_agents_status:27 - Updating agent status...
2026-04-08 22:33:39 | INFO     | PID:521312 | examples.deduction_en.BasicController:update_agents_status:27 - Updating agent status...
2026-04-08 22:33:39 | INFO     | PID:528280 | examples.deduction_en.BasicController:update_agents_status:27 - Updating agent status...
2026-04-08 22:33:39 | INFO     | PID:520216 | examples.deduction_en.BasicController:update_agents_status:27 - Updating agent status...
2026-04-08 22:33:39 | INFO     | PID:519776 | examples.deduction_en.BasicPodManager:update_agents_status:216 - Update agent status completed across all pods.
2026-04-08 22:33:39 | INFO     | PID:530144 | __main__:main:194 - 【Performance】--- Tick 2 Performance Report ---
2026-04-08 22:33:39 | INFO     | PID:530144 | __main__:main:195 - 【Performance】Total Tick Latency: 6.4147s
2026-04-08 22:33:39 | INFO     | PID:530144 | __main__:main:196 - 【Performance】 - Agent Step Latency (Concurrency Execution): 6.4066s (99.9%)
2026-04-08 22:33:39 | INFO     | PID:530144 | __main__:main:197 - 【Performance】 - Message Dispatch Latency: 0.0041s (0.1%)
2026-04-08 22:33:39 | INFO     | PID:530144 | __main__:main:198 - 【Performance】 - Status Update Latency: 0.0040s (0.1%)
2026-04-08 22:33:39 | INFO     | PID:530144 | __main__:main:199 - 【System】--- Tick 2 finished in 6.4147 seconds ---
2026-04-08 22:33:39 | INFO     | PID:530144 | __main__:main:203 - 【System】Collecting agents data for Tick 2...
2026-04-08 22:33:39 | INFO     | PID:530144 | __main__:main:208 - 【System】Broadcasting data for Tick 2 (agents count: 27)...
2026-04-08 22:33:39 | INFO     | PID:530144 | __main__:main:213 - 【Performance】 - Data Collection Latency: 0.1065s
2026-04-08 22:33:39 | INFO     | PID:530144 | __main__:main:214 - 【Performance】 - WS Broadcast Latency: 0.0041s
2026-04-08 22:33:39 | INFO     | PID:530144 | __main__:main:215 - 【Performance】-----------------------------------------
2026-04-08 22:33:39 | INFO     | PID:530144 | __main__:main:216 - 【System】Tick 2 data broadcasted to frontend.
2026-04-08 22:33:39 | INFO     | PID:530144 | __main__:main:161 - 【System】Waiting for frontend signal to start Tick 3...
